<?xml version="1.0" encoding="UTF-8" ?>
<testsuite errors="0" failures="0" hostname="linne.it.uu.se" name="webcrawler2.PageContainerTest" tests="6" time="0.753" timestamp="2013-10-31T14:27:31">
  <properties>
[...]
</properties>
  <testcase classname="webcrawler2.PageContainerTest" name="testGetSiteAddress" time="0.0040" />
  <testcase classname="webcrawler2.PageContainerTest" name="testGetContents" time="0.0" />
  <testcase classname="webcrawler2.PageContainerTest" name="testPop" time="0.0" />
  <testcase classname="webcrawler2.PageContainerTest" name="testIsEmpty" time="0.0010" />
  <testcase classname="webcrawler2.PageContainerTest" name="testAddPage" time="0.0010" />
  <testcase classname="webcrawler2.PageContainerTest" name="testCheckForAddress" time="0.0" />
  <system-out><![CDATA[getSiteAddress
getContents
pop
isEmpty
addPage
testCheckForAddress
]]></system-out>
  <system-err><![CDATA[]]></system-err>
</testsuite>
